<?xml version="1.0" encoding="utf-8"?><testsuites name="pytest tests"><testsuite name="pytest" errors="0" failures="0" skipped="0" tests="13" time="1.966" timestamp="2026-03-08T03:24:05.289423+00:00" hostname="agent-env-013fc829-0827-42a5-92ac-2c6cf7a562b0"><testcase classname="backend.tests.test_analytics_features.TestAdminAnalyticsEndpoints" name="test_admin_analytics_overview" time="0.227" /><testcase classname="backend.tests.test_analytics_features.TestAdminAnalyticsEndpoints" name="test_admin_call_distribution" time="0.135" /><testcase classname="backend.tests.test_analytics_features.TestAdminAnalyticsEndpoints" name="test_admin_interest_scope_distribution" time="0.155" /><testcase classname="backend.tests.test_analytics_features.TestAdminAnalyticsEndpoints" name="test_admin_reports_trend" time="0.136" /><testcase classname="backend.tests.test_analytics_features.TestAdminAnalyticsEndpoints" name="test_admin_consultant_performance" time="0.138" /><testcase classname="backend.tests.test_analytics_features.TestAdminAnalyticsEndpoints" name="test_admin_monthly_admissions" time="0.121" /><testcase classname="backend.tests.test_analytics_features.TestConsultantAnalyticsEndpoints" name="test_consultant_analytics_overview" time="0.110" /><testcase classname="backend.tests.test_analytics_features.TestConsultantAnalyticsEndpoints" name="test_consultant_analytics_overview_unauthorized" time="0.121" /><testcase classname="backend.tests.test_analytics_features.TestConsultantAnalyticsEndpoints" name="test_consultant_call_distribution" time="0.110" /><testcase classname="backend.tests.test_analytics_features.TestConsultantAnalyticsEndpoints" name="test_consultant_interest_scope" time="0.166" /><testcase classname="backend.tests.test_analytics_features.TestConsultantAnalyticsEndpoints" name="test_consultant_reports_trend" time="0.116" /><testcase classname="backend.tests.test_analytics_features.TestConsultantAnalyticsEndpoints" name="test_consultant_daily_calls" time="0.128" /><testcase classname="backend.tests.test_analytics_features.TestCSVBulkUploadWarningBanner" name="test_sample_csv_endpoint" time="0.118" /></testsuite></testsuites>