<?xml version="1.0" encoding="utf-8"?><testsuites name="pytest tests"><testsuite name="pytest" errors="0" failures="0" skipped="0" tests="16" time="2.400" timestamp="2026-03-08T04:19:39.386219+00:00" hostname="agent-env-013fc829-0827-42a5-92ac-2c6cf7a562b0"><testcase classname="backend.tests.test_bulk_upload_features.TestSampleCSVEndpoint" name="test_get_sample_csv_returns_correct_headers" time="0.237" /><testcase classname="backend.tests.test_bulk_upload_features.TestSampleCSVEndpoint" name="test_sample_csv_has_interest_scope_options" time="0.111" /><testcase classname="backend.tests.test_bulk_upload_features.TestBulkReportsEndpoint" name="test_bulk_upload_success" time="0.156" /><testcase classname="backend.tests.test_bulk_upload_features.TestBulkReportsEndpoint" name="test_bulk_upload_missing_required_fields" time="0.107" /><testcase classname="backend.tests.test_bulk_upload_features.TestBulkReportsEndpoint" name="test_bulk_upload_invalid_interest_scope" time="0.125" /><testcase classname="backend.tests.test_bulk_upload_features.TestBulkReportsEndpoint" name="test_bulk_upload_unauthorized_consultant" time="0.105" /><testcase classname="backend.tests.test_bulk_upload_features.TestBulkUploadCallLogCreation" name="test_bulk_upload_creates_call_logs" time="0.326" /><testcase classname="backend.tests.test_bulk_upload_features.TestAnalyticsEndpoints" name="test_admin_analytics_overview" time="0.107" /><testcase classname="backend.tests.test_bulk_upload_features.TestAnalyticsEndpoints" name="test_admin_call_distribution" time="0.111" /><testcase classname="backend.tests.test_bulk_upload_features.TestAnalyticsEndpoints" name="test_admin_interest_scope_distribution" time="0.109" /><testcase classname="backend.tests.test_bulk_upload_features.TestAnalyticsEndpoints" name="test_admin_reports_trend" time="0.138" /><testcase classname="backend.tests.test_bulk_upload_features.TestAnalyticsEndpoints" name="test_admin_consultant_performance" time="0.140" /><testcase classname="backend.tests.test_bulk_upload_features.TestAnalyticsEndpoints" name="test_admin_monthly_admissions" time="0.112" /><testcase classname="backend.tests.test_bulk_upload_features.TestAnalyticsEndpoints" name="test_consultant_analytics_overview" time="0.107" /><testcase classname="backend.tests.test_bulk_upload_features.TestAnalyticsEndpoints" name="test_consultant_call_distribution" time="0.118" /><testcase classname="backend.tests.test_bulk_upload_features.TestAnalyticsEndpoints" name="test_consultant_daily_calls" time="0.160" /></testsuite></testsuites>