<?xml version="1.0" encoding="utf-8"?><testsuites name="pytest tests"><testsuite name="pytest" errors="0" failures="0" skipped="0" tests="26" time="4.618" timestamp="2026-03-02T06:41:09.790537+00:00" hostname="agent-env-d6caf161-bd5a-4ec0-96fb-f43501b4be61"><testcase classname="tests.test_new_features.TestDuplicateReportHandling" name="test_first_report_submission" time="0.207" /><testcase classname="tests.test_new_features.TestDuplicateReportHandling" name="test_duplicate_report_detection" time="0.237" /><testcase classname="tests.test_new_features.TestDuplicateReportHandling" name="test_duplicate_update_existing" time="0.223" /><testcase classname="tests.test_new_features.TestDuplicateReportHandling" name="test_check_duplicate_endpoint" time="0.275" /><testcase classname="tests.test_new_features.TestQuickLogCallContactRequired" name="test_quick_call_without_contact_fails" time="0.096" /><testcase classname="tests.test_new_features.TestQuickLogCallContactRequired" name="test_quick_call_with_na_contact_fails" time="0.112" /><testcase classname="tests.test_new_features.TestQuickLogCallContactRequired" name="test_quick_call_with_contact_succeeds" time="0.102" /><testcase classname="tests.test_new_features.TestQuickLogCallContactRequired" name="test_quick_call_attempted_with_contact" time="0.109" /><testcase classname="tests.test_new_features.TestDetailedCallStatsAdmin" name="test_admin_call_details_endpoint" time="0.096" /><testcase classname="tests.test_new_features.TestDetailedCallStatsAdmin" name="test_admin_call_details_filter_by_consultant" time="0.102" /><testcase classname="tests.test_new_features.TestDetailedCallStatsAdmin" name="test_admin_call_details_filter_by_type" time="0.102" /><testcase classname="tests.test_new_features.TestDetailedCallStatsAdmin" name="test_admin_overall_call_stats" time="0.099" /><testcase classname="tests.test_new_features.TestConsultantCallStats" name="test_consultant_call_stats" time="0.109" /><testcase classname="tests.test_new_features.TestConsultantCallStats" name="test_consultant_call_details" time="0.124" /><testcase classname="tests.test_new_features.TestConsultantCallStats" name="test_consultant_call_details_filter_by_type" time="0.096" /><testcase classname="tests.test_new_features.TestNextCallingReminder" name="test_submit_report_with_reminder" time="0.103" /><testcase classname="tests.test_new_features.TestNextCallingReminder" name="test_consultant_reminders_endpoint" time="0.100" /><testcase classname="tests.test_new_features.TestNextCallingReminder" name="test_admin_all_reminders" time="0.100" /><testcase classname="tests.test_new_features.TestNextCallingReminder" name="test_mark_reminder_complete" time="0.217" /><testcase classname="tests.test_new_features.TestCSVBulkUpload" name="test_get_sample_csv_format" time="0.108" /><testcase classname="tests.test_new_features.TestCSVBulkUpload" name="test_bulk_upload_valid_reports" time="0.112" /><testcase classname="tests.test_new_features.TestCSVBulkUpload" name="test_bulk_upload_with_errors" time="0.114" /><testcase classname="tests.test_new_features.TestCSVBulkUpload" name="test_bulk_upload_invalid_interest_scope" time="0.109" /><testcase classname="tests.test_new_features.TestMandatoryFieldsValidation" name="test_missing_student_name_fails" time="0.100" /><testcase classname="tests.test_new_features.TestMandatoryFieldsValidation" name="test_report_with_all_mandatory_fields_succeeds" time="0.130" /><testcase classname="tests.test_new_features.TestCleanup" name="test_cleanup_test_reports" time="1.247" /></testsuite></testsuites>