<?xml version="1.0" encoding="utf-8"?><testsuites name="pytest tests"><testsuite name="pytest" errors="0" failures="0" skipped="0" tests="13" time="2.484" timestamp="2026-02-21T06:47:31.655962+00:00" hostname="agent-env-a7d26196-785c-4327-9e3c-26aa65a767a3"><testcase classname="tests.test_call_features.TestConsultantAuthentication" name="test_consultant_login_success" time="0.198" /><testcase classname="tests.test_call_features.TestConsultantAuthentication" name="test_consultant_login_invalid_credentials" time="0.111" /><testcase classname="tests.test_call_features.TestConsultantReportWithAutoLog" name="test_submit_report_auto_logs_successful_call" time="0.377" /><testcase classname="tests.test_call_features.TestQuickLogCall" name="test_log_failed_call" time="0.108" /><testcase classname="tests.test_call_features.TestQuickLogCall" name="test_log_attempted_call" time="0.126" /><testcase classname="tests.test_call_features.TestQuickLogCall" name="test_log_call_unauthorized" time="0.099" /><testcase classname="tests.test_call_features.TestGetCallStats" name="test_get_consultant_call_stats" time="0.104" /><testcase classname="tests.test_call_features.TestGetCallStats" name="test_get_all_call_stats_admin" time="0.102" /><testcase classname="tests.test_call_features.TestAdminDeleteCallStats" name="test_delete_calls_requires_password" time="0.129" /><testcase classname="tests.test_call_features.TestAdminDeleteCallStats" name="test_delete_calls_with_correct_password" time="0.469" /><testcase classname="tests.test_call_features.TestAdminPasswordVerification" name="test_verify_correct_password" time="0.111" /><testcase classname="tests.test_call_features.TestAdminPasswordVerification" name="test_verify_wrong_password" time="0.105" /><testcase classname="tests.test_call_features.TestCleanup" name="test_cleanup_test_reports" time="0.227" /></testsuite></testsuites>