<?xml version="1.0" encoding="utf-8"?><testsuites name="pytest tests"><testsuite name="pytest" errors="0" failures="0" skipped="0" tests="13" time="1.370" timestamp="2026-02-06T15:06:23.163039+00:00" hostname="agent-env-ffd0a834-53fb-4419-904c-fac0a4c930ff"><testcase classname="tests.test_edu_advisor.TestHealthCheck" name="test_api_accessible" time="0.074" /><testcase classname="tests.test_edu_advisor.TestAdminAuthentication" name="test_admin_consultants_endpoint" time="0.032" /><testcase classname="tests.test_edu_advisor.TestAdminAuthentication" name="test_admin_admissions_endpoint" time="0.035" /><testcase classname="tests.test_edu_advisor.TestConsultantAuthentication" name="test_consultant_login_valid" time="0.037" /><testcase classname="tests.test_edu_advisor.TestConsultantAuthentication" name="test_consultant_login_invalid" time="0.033" /><testcase classname="tests.test_edu_advisor.TestAdmissionsCRUD" name="test_create_admission" time="0.145" /><testcase classname="tests.test_edu_advisor.TestAdmissionsCRUD" name="test_update_admission" time="0.140" /><testcase classname="tests.test_edu_advisor.TestAdmissionsCRUD" name="test_delete_admission" time="0.103" /><testcase classname="tests.test_edu_advisor.TestConsultantAdmissionsView" name="test_consultant_view_admissions" time="0.036" /><testcase classname="tests.test_edu_advisor.TestConsultantAdmissionsView" name="test_consultant_admission_flow" time="0.103" /><testcase classname="tests.test_edu_advisor.TestConsultantManagement" name="test_get_all_consultants" time="0.035" /><testcase classname="tests.test_edu_advisor.TestConsultantManagement" name="test_consultant_crud_flow" time="0.205" /><testcase classname="tests.test_edu_advisor.TestPayoutStatuses" name="test_payout_status_transitions" time="0.323" /></testsuite></testsuites>