<?xml version="1.0" encoding="utf-8"?><testsuites name="pytest tests"><testsuite name="pytest" errors="0" failures="1" skipped="0" tests="13" time="1.476" timestamp="2026-02-06T15:06:09.260403+00:00" hostname="agent-env-ffd0a834-53fb-4419-904c-fac0a4c930ff"><testcase classname="tests.test_edu_advisor.TestHealthCheck" name="test_api_accessible" time="0.089" /><testcase classname="tests.test_edu_advisor.TestAdminAuthentication" name="test_admin_consultants_endpoint" time="0.038" /><testcase classname="tests.test_edu_advisor.TestAdminAuthentication" name="test_admin_admissions_endpoint" time="0.038" /><testcase classname="tests.test_edu_advisor.TestConsultantAuthentication" name="test_consultant_login_valid" time="0.037"><failure message="AssertionError: assert None == 'PRIYAM PATRA'&#10; +  where None = &lt;built-in method get of dict object at 0xfef524b4d0c0&gt;('name')&#10; +    where &lt;built-in method get of dict object at 0xfef524b4d0c0&gt; = {'consultant_id': 'PRIYAMPATRA', 'consultant_name': 'PRIYAM PATRA', 'success': True}.get">tests/test_edu_advisor.py:74: in test_consultant_login_valid
    assert data.get("name") == CONSULTANT_NAME
E   AssertionError: assert None == 'PRIYAM PATRA'
E    +  where None = &lt;built-in method get of dict object at 0xfef524b4d0c0&gt;('name')
E    +    where &lt;built-in method get of dict object at 0xfef524b4d0c0&gt; = {'consultant_id': 'PRIYAMPATRA', 'consultant_name': 'PRIYAM PATRA', 'success': True}.get</failure></testcase><testcase classname="tests.test_edu_advisor.TestConsultantAuthentication" name="test_consultant_login_invalid" time="0.039" /><testcase classname="tests.test_edu_advisor.TestAdmissionsCRUD" name="test_create_admission" time="0.120" /><testcase classname="tests.test_edu_advisor.TestAdmissionsCRUD" name="test_update_admission" time="0.145" /><testcase classname="tests.test_edu_advisor.TestAdmissionsCRUD" name="test_delete_admission" time="0.106" /><testcase classname="tests.test_edu_advisor.TestConsultantAdmissionsView" name="test_consultant_view_admissions" time="0.040" /><testcase classname="tests.test_edu_advisor.TestConsultantAdmissionsView" name="test_consultant_admission_flow" time="0.118" /><testcase classname="tests.test_edu_advisor.TestConsultantManagement" name="test_get_all_consultants" time="0.031" /><testcase classname="tests.test_edu_advisor.TestConsultantManagement" name="test_consultant_crud_flow" time="0.200" /><testcase classname="tests.test_edu_advisor.TestPayoutStatuses" name="test_payout_status_transitions" time="0.277" /></testsuite></testsuites>