<?xml version="1.0" encoding="utf-8"?><testsuites name="pytest tests"><testsuite name="pytest" errors="0" failures="0" skipped="0" tests="18" time="4.946" timestamp="2026-03-02T07:09:17.351076+00:00" hostname="agent-env-d6caf161-bd5a-4ec0-96fb-f43501b4be61"><testcase classname="backend.tests.test_reminder_consultant_features.TestConsultantLogin" name="test_consultant_login_success" time="0.276" /><testcase classname="backend.tests.test_reminder_consultant_features.TestConsultantLogin" name="test_consultant_login_invalid_credentials" time="0.145" /><testcase classname="backend.tests.test_reminder_consultant_features.TestConsultantReminders" name="test_get_consultant_reminders" time="0.363" /><testcase classname="backend.tests.test_reminder_consultant_features.TestConsultantReminders" name="test_mark_reminder_already_followed_up" time="0.380" /><testcase classname="backend.tests.test_reminder_consultant_features.TestConsultantReminders" name="test_ignore_reminder" time="0.577" /><testcase classname="backend.tests.test_reminder_consultant_features.TestAdminReminders" name="test_admin_get_all_reminders" time="0.114" /><testcase classname="backend.tests.test_reminder_consultant_features.TestAdminReminders" name="test_admin_delete_reminder" time="0.386" /><testcase classname="backend.tests.test_reminder_consultant_features.TestConsultantManagement" name="test_get_all_consultants" time="0.103" /><testcase classname="backend.tests.test_reminder_consultant_features.TestConsultantManagement" name="test_add_new_consultant" time="0.347" /><testcase classname="backend.tests.test_reminder_consultant_features.TestConsultantManagement" name="test_update_consultant_name" time="0.445" /><testcase classname="backend.tests.test_reminder_consultant_features.TestConsultantManagement" name="test_update_consultant_user_id" time="0.440" /><testcase classname="backend.tests.test_reminder_consultant_features.TestConsultantManagement" name="test_update_consultant_password" time="0.462" /><testcase classname="backend.tests.test_reminder_consultant_features.TestConsultantManagement" name="test_delete_consultant" time="0.316" /><testcase classname="backend.tests.test_reminder_consultant_features.TestReportsVisibility" name="test_consultant_can_view_own_reports" time="0.104" /><testcase classname="backend.tests.test_reminder_consultant_features.TestReportsVisibility" name="test_admin_can_view_all_consultant_reports" time="0.108" /><testcase classname="backend.tests.test_reminder_consultant_features.TestReportsVisibility" name="test_reports_grouped_by_consultant" time="0.100" /><testcase classname="backend.tests.test_reminder_consultant_features.TestConsultantPersistence" name="test_default_consultant_exists" time="0.104" /><testcase classname="backend.tests.test_reminder_consultant_features.TestConsultantPersistence" name="test_consultant_count_matches_expected" time="0.095" /></testsuite></testsuites>